<?xml version="1.0" encoding="UTF-8"?>
<!-- Generated by org.testng.reporters.JUnitReportReporter -->
<testsuite hostname="Admin" failures="0" tests="7" name="com.opencart.OpencartWithTestng" time="55.159" errors="0" timestamp="2022-06-16T18:35:19 IST" skipped="0">
  <testcase classname="com.opencart.OpencartWithTestng" name="test01" time="15.318"/>
  <system-out/>
  <testcase classname="com.opencart.OpencartWithTestng" name="test02" time="7.825"/>
  <system-out/>
  <testcase classname="com.opencart.OpencartWithTestng" name="test04" time="5.017"/>
  <system-out/>
  <testcase classname="com.opencart.OpencartWithTestng" name="test03" time="8.247"/>
  <system-out/>
  <testcase classname="com.opencart.OpencartWithTestng" name="test07" time="6.879"/>
  <system-out/>
  <testcase classname="com.opencart.OpencartWithTestng" name="test06" time="8.030"/>
  <system-out/>
  <testcase classname="com.opencart.OpencartWithTestng" name="test05" time="3.843"/>
  <system-out/>
</testsuite> <!-- com.opencart.OpencartWithTestng -->
