<?xml version="1.0" encoding="UTF-8"?>
<!-- Generated by org.testng.reporters.JUnitReportReporter -->
<testsuite hostname="Admin" failures="0" tests="7" name="com.Testng1.OpencartWithTestng" time="46.329" errors="0" timestamp="2022-06-18T16:31:25 IST" skipped="0">
  <testcase classname="com.Testng1.OpencartWithTestng" name="test01" time="12.723"/>
  <system-out/>
  <testcase classname="com.Testng1.OpencartWithTestng" name="test02" time="6.399"/>
  <system-out/>
  <testcase classname="com.Testng1.OpencartWithTestng" name="test04" time="4.707"/>
  <system-out/>
  <testcase classname="com.Testng1.OpencartWithTestng" name="test03" time="6.729"/>
  <system-out/>
  <testcase classname="com.Testng1.OpencartWithTestng" name="test07" time="5.109"/>
  <system-out/>
  <testcase classname="com.Testng1.OpencartWithTestng" name="test06" time="6.614"/>
  <system-out/>
  <testcase classname="com.Testng1.OpencartWithTestng" name="test05" time="4.048"/>
  <system-out/>
</testsuite> <!-- com.Testng1.OpencartWithTestng -->
